
*** Running vivado
    with args -log design_1_wrapper.vds -m64 -product Vivado -mode batch -messageDb vivado.pb -notrace -source design_1_wrapper.tcl



****** Vivado v2025.1 (64-bit)
  **** SW Build 6140274 on Thu May 22 00:12:29 MDT 2025
  **** IP Build 6138677 on Thu May 22 03:10:11 MDT 2025
  **** SharedData Build 6139179 on Tue May 20 17:58:58 MDT 2025
  **** Start of session at: Mon Nov 10 11:28:39 2025
    ** Copyright 1986-2022 Xilinx, Inc. All Rights Reserved.
    ** Copyright 2022-2025 Advanced Micro Devices, Inc. All Rights Reserved.

source design_1_wrapper.tcl -notrace
create_project: Time (s): cpu = 00:00:08 ; elapsed = 00:00:05 . Memory (MB): peak = 504.824 ; gain = 210.246
INFO: [IP_Flow 19-234] Refreshing IP repositories
INFO: [IP_Flow 19-1700] Loaded user IP repository 'c:/Users/tjjtj/Desktop/NUS/Y4S1/CG4002/Hardware_NN/project_1/hardware_NN'.
INFO: [IP_Flow 19-2313] Loaded Vivado IP repository 'C:/Xilinx/2025.1/Vivado/data/ip'.
Command: read_checkpoint -auto_incremental -incremental C:/Users/tjjtj/Desktop/NUS/Y4S1/CG4002/Hardware_NN/project_1/project_1.srcs/utils_1/imports/synth_1/design_1_wrapper.dcp
INFO: [Vivado 12-5825] Read reference checkpoint from C:/Users/tjjtj/Desktop/NUS/Y4S1/CG4002/Hardware_NN/project_1/project_1.srcs/utils_1/imports/synth_1/design_1_wrapper.dcp for incremental synthesis
INFO: [Vivado 12-7989] Please ensure there are no constraint changes
Command: synth_design -top design_1_wrapper -part xczu3eg-sbva484-2-i
Starting synth_design
Attempting to get a license for feature 'Synthesis' and/or device 'xczu3eg'
INFO: [Common 17-349] Got license for feature 'Synthesis' and/or device 'xczu3eg'
INFO: [Device 21-403] Loading part xczu3eg-sbva484-2-i
INFO: [Designutils 20-5440] No compile time benefit to using incremental synthesis; A full resynthesis will be run
INFO: [Designutils 20-4379] Flow is switching to default flow due to incremental criteria not met. If you would like to alter this behaviour and have the flow terminate instead, please set the following parameter config_implementation {autoIncr.Synth.RejectBehavior Terminate}
INFO: [Synth 8-7079] Multithreading enabled for synth_design using a maximum of 2 processes.
INFO: [Synth 8-7078] Launching helper process for spawning children vivado processes
INFO: [Synth 8-7075] Helper process launched with PID 13768
---------------------------------------------------------------------------------
Starting RTL Elaboration : Time (s): cpu = 00:00:04 ; elapsed = 00:00:04 . Memory (MB): peak = 1735.910 ; gain = 199.680
---------------------------------------------------------------------------------
INFO: [Synth 8-6157] synthesizing module 'design_1_wrapper' [C:/Users/tjjtj/Desktop/NUS/Y4S1/CG4002/Hardware_NN/project_1/project_1.gen/sources_1/bd/design_1/hdl/design_1_wrapper.v:13]
INFO: [Synth 8-6157] synthesizing module 'design_1' [c:/Users/tjjtj/Desktop/NUS/Y4S1/CG4002/Hardware_NN/project_1/project_1.gen/sources_1/bd/design_1/synth/design_1.v:13]
INFO: [Synth 8-6157] synthesizing module 'design_1_axi_smc_24' [C:/Users/tjjtj/Desktop/NUS/Y4S1/CG4002/Hardware_NN/project_1/project_1.runs/synth_1/.Xil/Vivado-16644-DJJ/realtime/design_1_axi_smc_24_stub.v:6]
INFO: [Synth 8-6155] done synthesizing module 'design_1_axi_smc_24' (0#1) [C:/Users/tjjtj/Desktop/NUS/Y4S1/CG4002/Hardware_NN/project_1/project_1.runs/synth_1/.Xil/Vivado-16644-DJJ/realtime/design_1_axi_smc_24_stub.v:6]
WARNING: [Synth 8-7071] port 'M00_AXI_awprot' of module 'design_1_axi_smc_24' is unconnected for instance 'axi_smc' [c:/Users/tjjtj/Desktop/NUS/Y4S1/CG4002/Hardware_NN/project_1/project_1.gen/sources_1/bd/design_1/synth/design_1.v:147]
WARNING: [Synth 8-7071] port 'M00_AXI_arprot' of module 'design_1_axi_smc_24' is unconnected for instance 'axi_smc' [c:/Users/tjjtj/Desktop/NUS/Y4S1/CG4002/Hardware_NN/project_1/project_1.gen/sources_1/bd/design_1/synth/design_1.v:147]
WARNING: [Synth 8-7023] instance 'axi_smc' of module 'design_1_axi_smc_24' has 60 connections declared, but only 58 given [c:/Users/tjjtj/Desktop/NUS/Y4S1/CG4002/Hardware_NN/project_1/project_1.gen/sources_1/bd/design_1/synth/design_1.v:147]
INFO: [Synth 8-6157] synthesizing module 'design_1_axi_smc_1_22' [C:/Users/tjjtj/Desktop/NUS/Y4S1/CG4002/Hardware_NN/project_1/project_1.runs/synth_1/.Xil/Vivado-16644-DJJ/realtime/design_1_axi_smc_1_22_stub.v:6]
INFO: [Synth 8-6155] done synthesizing module 'design_1_axi_smc_1_22' (0#1) [C:/Users/tjjtj/Desktop/NUS/Y4S1/CG4002/Hardware_NN/project_1/project_1.runs/synth_1/.Xil/Vivado-16644-DJJ/realtime/design_1_axi_smc_1_22_stub.v:6]
INFO: [Synth 8-6157] synthesizing module 'design_1_forward_0_25' [C:/Users/tjjtj/Desktop/NUS/Y4S1/CG4002/Hardware_NN/project_1/project_1.runs/synth_1/.Xil/Vivado-16644-DJJ/realtime/design_1_forward_0_25_stub.v:6]
INFO: [Synth 8-6155] done synthesizing module 'design_1_forward_0_25' (0#1) [C:/Users/tjjtj/Desktop/NUS/Y4S1/CG4002/Hardware_NN/project_1/project_1.runs/synth_1/.Xil/Vivado-16644-DJJ/realtime/design_1_forward_0_25_stub.v:6]
WARNING: [Synth 8-7071] port 'interrupt' of module 'design_1_forward_0_25' is unconnected for instance 'forward_0' [c:/Users/tjjtj/Desktop/NUS/Y4S1/CG4002/Hardware_NN/project_1/project_1.gen/sources_1/bd/design_1/synth/design_1.v:279]
WARNING: [Synth 8-7071] port 'm_axi_INPUT_r_ARREGION' of module 'design_1_forward_0_25' is unconnected for instance 'forward_0' [c:/Users/tjjtj/Desktop/NUS/Y4S1/CG4002/Hardware_NN/project_1/project_1.gen/sources_1/bd/design_1/synth/design_1.v:279]
WARNING: [Synth 8-7071] port 'm_axi_INPUT_r_AWADDR' of module 'design_1_forward_0_25' is unconnected for instance 'forward_0' [c:/Users/tjjtj/Desktop/NUS/Y4S1/CG4002/Hardware_NN/project_1/project_1.gen/sources_1/bd/design_1/synth/design_1.v:279]
WARNING: [Synth 8-7071] port 'm_axi_INPUT_r_AWBURST' of module 'design_1_forward_0_25' is unconnected for instance 'forward_0' [c:/Users/tjjtj/Desktop/NUS/Y4S1/CG4002/Hardware_NN/project_1/project_1.gen/sources_1/bd/design_1/synth/design_1.v:279]
WARNING: [Synth 8-7071] port 'm_axi_INPUT_r_AWCACHE' of module 'design_1_forward_0_25' is unconnected for instance 'forward_0' [c:/Users/tjjtj/Desktop/NUS/Y4S1/CG4002/Hardware_NN/project_1/project_1.gen/sources_1/bd/design_1/synth/design_1.v:279]
WARNING: [Synth 8-7071] port 'm_axi_INPUT_r_AWID' of module 'design_1_forward_0_25' is unconnected for instance 'forward_0' [c:/Users/tjjtj/Desktop/NUS/Y4S1/CG4002/Hardware_NN/project_1/project_1.gen/sources_1/bd/design_1/synth/design_1.v:279]
WARNING: [Synth 8-7071] port 'm_axi_INPUT_r_AWLEN' of module 'design_1_forward_0_25' is unconnected for instance 'forward_0' [c:/Users/tjjtj/Desktop/NUS/Y4S1/CG4002/Hardware_NN/project_1/project_1.gen/sources_1/bd/design_1/synth/design_1.v:279]
WARNING: [Synth 8-7071] port 'm_axi_INPUT_r_AWLOCK' of module 'design_1_forward_0_25' is unconnected for instance 'forward_0' [c:/Users/tjjtj/Desktop/NUS/Y4S1/CG4002/Hardware_NN/project_1/project_1.gen/sources_1/bd/design_1/synth/design_1.v:279]
WARNING: [Synth 8-7071] port 'm_axi_INPUT_r_AWPROT' of module 'design_1_forward_0_25' is unconnected for instance 'forward_0' [c:/Users/tjjtj/Desktop/NUS/Y4S1/CG4002/Hardware_NN/project_1/project_1.gen/sources_1/bd/design_1/synth/design_1.v:279]
WARNING: [Synth 8-7071] port 'm_axi_INPUT_r_AWQOS' of module 'design_1_forward_0_25' is unconnected for instance 'forward_0' [c:/Users/tjjtj/Desktop/NUS/Y4S1/CG4002/Hardware_NN/project_1/project_1.gen/sources_1/bd/design_1/synth/design_1.v:279]
WARNING: [Synth 8-7071] port 'm_axi_INPUT_r_AWREGION' of module 'design_1_forward_0_25' is unconnected for instance 'forward_0' [c:/Users/tjjtj/Desktop/NUS/Y4S1/CG4002/Hardware_NN/project_1/project_1.gen/sources_1/bd/design_1/synth/design_1.v:279]
WARNING: [Synth 8-7071] port 'm_axi_INPUT_r_AWSIZE' of module 'design_1_forward_0_25' is unconnected for instance 'forward_0' [c:/Users/tjjtj/Desktop/NUS/Y4S1/CG4002/Hardware_NN/project_1/project_1.gen/sources_1/bd/design_1/synth/design_1.v:279]
WARNING: [Synth 8-7071] port 'm_axi_INPUT_r_AWVALID' of module 'design_1_forward_0_25' is unconnected for instance 'forward_0' [c:/Users/tjjtj/Desktop/NUS/Y4S1/CG4002/Hardware_NN/project_1/project_1.gen/sources_1/bd/design_1/synth/design_1.v:279]
WARNING: [Synth 8-7071] port 'm_axi_INPUT_r_BREADY' of module 'design_1_forward_0_25' is unconnected for instance 'forward_0' [c:/Users/tjjtj/Desktop/NUS/Y4S1/CG4002/Hardware_NN/project_1/project_1.gen/sources_1/bd/design_1/synth/design_1.v:279]
WARNING: [Synth 8-7071] port 'm_axi_INPUT_r_WDATA' of module 'design_1_forward_0_25' is unconnected for instance 'forward_0' [c:/Users/tjjtj/Desktop/NUS/Y4S1/CG4002/Hardware_NN/project_1/project_1.gen/sources_1/bd/design_1/synth/design_1.v:279]
WARNING: [Synth 8-7071] port 'm_axi_INPUT_r_WID' of module 'design_1_forward_0_25' is unconnected for instance 'forward_0' [c:/Users/tjjtj/Desktop/NUS/Y4S1/CG4002/Hardware_NN/project_1/project_1.gen/sources_1/bd/design_1/synth/design_1.v:279]
WARNING: [Synth 8-7071] port 'm_axi_INPUT_r_WLAST' of module 'design_1_forward_0_25' is unconnected for instance 'forward_0' [c:/Users/tjjtj/Desktop/NUS/Y4S1/CG4002/Hardware_NN/project_1/project_1.gen/sources_1/bd/design_1/synth/design_1.v:279]
WARNING: [Synth 8-7071] port 'm_axi_INPUT_r_WSTRB' of module 'design_1_forward_0_25' is unconnected for instance 'forward_0' [c:/Users/tjjtj/Desktop/NUS/Y4S1/CG4002/Hardware_NN/project_1/project_1.gen/sources_1/bd/design_1/synth/design_1.v:279]
WARNING: [Synth 8-7071] port 'm_axi_INPUT_r_WVALID' of module 'design_1_forward_0_25' is unconnected for instance 'forward_0' [c:/Users/tjjtj/Desktop/NUS/Y4S1/CG4002/Hardware_NN/project_1/project_1.gen/sources_1/bd/design_1/synth/design_1.v:279]
WARNING: [Synth 8-7071] port 'm_axi_OUTPUT_r_ARADDR' of module 'design_1_forward_0_25' is unconnected for instance 'forward_0' [c:/Users/tjjtj/Desktop/NUS/Y4S1/CG4002/Hardware_NN/project_1/project_1.gen/sources_1/bd/design_1/synth/design_1.v:279]
WARNING: [Synth 8-7071] port 'm_axi_OUTPUT_r_ARBURST' of module 'design_1_forward_0_25' is unconnected for instance 'forward_0' [c:/Users/tjjtj/Desktop/NUS/Y4S1/CG4002/Hardware_NN/project_1/project_1.gen/sources_1/bd/design_1/synth/design_1.v:279]
WARNING: [Synth 8-7071] port 'm_axi_OUTPUT_r_ARCACHE' of module 'design_1_forward_0_25' is unconnected for instance 'forward_0' [c:/Users/tjjtj/Desktop/NUS/Y4S1/CG4002/Hardware_NN/project_1/project_1.gen/sources_1/bd/design_1/synth/design_1.v:279]
WARNING: [Synth 8-7071] port 'm_axi_OUTPUT_r_ARID' of module 'design_1_forward_0_25' is unconnected for instance 'forward_0' [c:/Users/tjjtj/Desktop/NUS/Y4S1/CG4002/Hardware_NN/project_1/project_1.gen/sources_1/bd/design_1/synth/design_1.v:279]
WARNING: [Synth 8-7071] port 'm_axi_OUTPUT_r_ARLEN' of module 'design_1_forward_0_25' is unconnected for instance 'forward_0' [c:/Users/tjjtj/Desktop/NUS/Y4S1/CG4002/Hardware_NN/project_1/project_1.gen/sources_1/bd/design_1/synth/design_1.v:279]
WARNING: [Synth 8-7071] port 'm_axi_OUTPUT_r_ARLOCK' of module 'design_1_forward_0_25' is unconnected for instance 'forward_0' [c:/Users/tjjtj/Desktop/NUS/Y4S1/CG4002/Hardware_NN/project_1/project_1.gen/sources_1/bd/design_1/synth/design_1.v:279]
WARNING: [Synth 8-7071] port 'm_axi_OUTPUT_r_ARPROT' of module 'design_1_forward_0_25' is unconnected for instance 'forward_0' [c:/Users/tjjtj/Desktop/NUS/Y4S1/CG4002/Hardware_NN/project_1/project_1.gen/sources_1/bd/design_1/synth/design_1.v:279]
WARNING: [Synth 8-7071] port 'm_axi_OUTPUT_r_ARQOS' of module 'design_1_forward_0_25' is unconnected for instance 'forward_0' [c:/Users/tjjtj/Desktop/NUS/Y4S1/CG4002/Hardware_NN/project_1/project_1.gen/sources_1/bd/design_1/synth/design_1.v:279]
WARNING: [Synth 8-7071] port 'm_axi_OUTPUT_r_ARREGION' of module 'design_1_forward_0_25' is unconnected for instance 'forward_0' [c:/Users/tjjtj/Desktop/NUS/Y4S1/CG4002/Hardware_NN/project_1/project_1.gen/sources_1/bd/design_1/synth/design_1.v:279]
WARNING: [Synth 8-7071] port 'm_axi_OUTPUT_r_ARSIZE' of module 'design_1_forward_0_25' is unconnected for instance 'forward_0' [c:/Users/tjjtj/Desktop/NUS/Y4S1/CG4002/Hardware_NN/project_1/project_1.gen/sources_1/bd/design_1/synth/design_1.v:279]
WARNING: [Synth 8-7071] port 'm_axi_OUTPUT_r_ARVALID' of module 'design_1_forward_0_25' is unconnected for instance 'forward_0' [c:/Users/tjjtj/Desktop/NUS/Y4S1/CG4002/Hardware_NN/project_1/project_1.gen/sources_1/bd/design_1/synth/design_1.v:279]
WARNING: [Synth 8-7071] port 'm_axi_OUTPUT_r_AWREGION' of module 'design_1_forward_0_25' is unconnected for instance 'forward_0' [c:/Users/tjjtj/Desktop/NUS/Y4S1/CG4002/Hardware_NN/project_1/project_1.gen/sources_1/bd/design_1/synth/design_1.v:279]
WARNING: [Synth 8-7071] port 'm_axi_OUTPUT_r_RREADY' of module 'design_1_forward_0_25' is unconnected for instance 'forward_0' [c:/Users/tjjtj/Desktop/NUS/Y4S1/CG4002/Hardware_NN/project_1/project_1.gen/sources_1/bd/design_1/synth/design_1.v:279]
WARNING: [Synth 8-7071] port 'm_axi_OUTPUT_r_WID' of module 'design_1_forward_0_25' is unconnected for instance 'forward_0' [c:/Users/tjjtj/Desktop/NUS/Y4S1/CG4002/Hardware_NN/project_1/project_1.gen/sources_1/bd/design_1/synth/design_1.v:279]
WARNING: [Synth 8-7023] instance 'forward_0' of module 'design_1_forward_0_25' has 100 connections declared, but only 67 given [c:/Users/tjjtj/Desktop/NUS/Y4S1/CG4002/Hardware_NN/project_1/project_1.gen/sources_1/bd/design_1/synth/design_1.v:279]
INFO: [Synth 8-6157] synthesizing module 'design_1_rst_ps8_0_96M_27' [C:/Users/tjjtj/Desktop/NUS/Y4S1/CG4002/Hardware_NN/project_1/project_1.runs/synth_1/.Xil/Vivado-16644-DJJ/realtime/design_1_rst_ps8_0_96M_27_stub.v:6]
INFO: [Synth 8-6155] done synthesizing module 'design_1_rst_ps8_0_96M_27' (0#1) [C:/Users/tjjtj/Desktop/NUS/Y4S1/CG4002/Hardware_NN/project_1/project_1.runs/synth_1/.Xil/Vivado-16644-DJJ/realtime/design_1_rst_ps8_0_96M_27_stub.v:6]
WARNING: [Synth 8-7071] port 'mb_reset' of module 'design_1_rst_ps8_0_96M_27' is unconnected for instance 'rst_ps8_0_96M' [c:/Users/tjjtj/Desktop/NUS/Y4S1/CG4002/Hardware_NN/project_1/project_1.gen/sources_1/bd/design_1/synth/design_1.v:347]
WARNING: [Synth 8-7071] port 'bus_struct_reset' of module 'design_1_rst_ps8_0_96M_27' is unconnected for instance 'rst_ps8_0_96M' [c:/Users/tjjtj/Desktop/NUS/Y4S1/CG4002/Hardware_NN/project_1/project_1.gen/sources_1/bd/design_1/synth/design_1.v:347]
WARNING: [Synth 8-7071] port 'peripheral_reset' of module 'design_1_rst_ps8_0_96M_27' is unconnected for instance 'rst_ps8_0_96M' [c:/Users/tjjtj/Desktop/NUS/Y4S1/CG4002/Hardware_NN/project_1/project_1.gen/sources_1/bd/design_1/synth/design_1.v:347]
WARNING: [Synth 8-7071] port 'interconnect_aresetn' of module 'design_1_rst_ps8_0_96M_27' is unconnected for instance 'rst_ps8_0_96M' [c:/Users/tjjtj/Desktop/NUS/Y4S1/CG4002/Hardware_NN/project_1/project_1.gen/sources_1/bd/design_1/synth/design_1.v:347]
WARNING: [Synth 8-7023] instance 'rst_ps8_0_96M' of module 'design_1_rst_ps8_0_96M_27' has 10 connections declared, but only 6 given [c:/Users/tjjtj/Desktop/NUS/Y4S1/CG4002/Hardware_NN/project_1/project_1.gen/sources_1/bd/design_1/synth/design_1.v:347]
INFO: [Synth 8-6157] synthesizing module 'design_1_zynq_ultra_ps_e_0_0' [C:/Users/tjjtj/Desktop/NUS/Y4S1/CG4002/Hardware_NN/project_1/project_1.runs/synth_1/.Xil/Vivado-16644-DJJ/realtime/design_1_zynq_ultra_ps_e_0_0_stub.v:6]
INFO: [Synth 8-6155] done synthesizing module 'design_1_zynq_ultra_ps_e_0_0' (0#1) [C:/Users/tjjtj/Desktop/NUS/Y4S1/CG4002/Hardware_NN/project_1/project_1.runs/synth_1/.Xil/Vivado-16644-DJJ/realtime/design_1_zynq_ultra_ps_e_0_0_stub.v:6]
WARNING: [Synth 8-7071] port 'saxigp2_bid' of module 'design_1_zynq_ultra_ps_e_0_0' is unconnected for instance 'zynq_ultra_ps_e_0' [c:/Users/tjjtj/Desktop/NUS/Y4S1/CG4002/Hardware_NN/project_1/project_1.gen/sources_1/bd/design_1/synth/design_1.v:354]
WARNING: [Synth 8-7071] port 'saxigp2_rid' of module 'design_1_zynq_ultra_ps_e_0_0' is unconnected for instance 'zynq_ultra_ps_e_0' [c:/Users/tjjtj/Desktop/NUS/Y4S1/CG4002/Hardware_NN/project_1/project_1.gen/sources_1/bd/design_1/synth/design_1.v:354]
WARNING: [Synth 8-7023] instance 'zynq_ultra_ps_e_0' of module 'design_1_zynq_ultra_ps_e_0_0' has 82 connections declared, but only 80 given [c:/Users/tjjtj/Desktop/NUS/Y4S1/CG4002/Hardware_NN/project_1/project_1.gen/sources_1/bd/design_1/synth/design_1.v:354]
INFO: [Synth 8-6155] done synthesizing module 'design_1' (0#1) [c:/Users/tjjtj/Desktop/NUS/Y4S1/CG4002/Hardware_NN/project_1/project_1.gen/sources_1/bd/design_1/synth/design_1.v:13]
INFO: [Synth 8-6155] done synthesizing module 'design_1_wrapper' (0#1) [C:/Users/tjjtj/Desktop/NUS/Y4S1/CG4002/Hardware_NN/project_1/project_1.gen/sources_1/bd/design_1/hdl/design_1_wrapper.v:13]
---------------------------------------------------------------------------------
Finished RTL Elaboration : Time (s): cpu = 00:00:05 ; elapsed = 00:00:06 . Memory (MB): peak = 1851.148 ; gain = 314.918
---------------------------------------------------------------------------------
---------------------------------------------------------------------------------
Start Handling Custom Attributes
---------------------------------------------------------------------------------
---------------------------------------------------------------------------------
Finished Handling Custom Attributes : Time (s): cpu = 00:00:05 ; elapsed = 00:00:06 . Memory (MB): peak = 1851.148 ; gain = 314.918
---------------------------------------------------------------------------------
---------------------------------------------------------------------------------
Finished RTL Optimization Phase 1 : Time (s): cpu = 00:00:05 ; elapsed = 00:00:06 . Memory (MB): peak = 1851.148 ; gain = 314.918
---------------------------------------------------------------------------------
Netlist sorting complete. Time (s): cpu = 00:00:00 ; elapsed = 00:00:00.006 . Memory (MB): peak = 1851.148 ; gain = 0.000
INFO: [Project 1-570] Preparing netlist for logic optimization

Processing XDC Constraints
Initializing timing engine
Parsing XDC File [c:/Users/tjjtj/Desktop/NUS/Y4S1/CG4002/Hardware_NN/project_1/project_1.gen/sources_1/bd/design_1/ip/design_1_zynq_ultra_ps_e_0_0/design_1_zynq_ultra_ps_e_0_0/design_1_zynq_ultra_ps_e_0_0_in_context.xdc] for cell 'design_1_i/zynq_ultra_ps_e_0'
Finished Parsing XDC File [c:/Users/tjjtj/Desktop/NUS/Y4S1/CG4002/Hardware_NN/project_1/project_1.gen/sources_1/bd/design_1/ip/design_1_zynq_ultra_ps_e_0_0/design_1_zynq_ultra_ps_e_0_0/design_1_zynq_ultra_ps_e_0_0_in_context.xdc] for cell 'design_1_i/zynq_ultra_ps_e_0'
Parsing XDC File [c:/Users/tjjtj/Desktop/NUS/Y4S1/CG4002/Hardware_NN/project_1/project_1.gen/sources_1/bd/design_1/ip/design_1_forward_0_25/design_1_forward_0_25/design_1_forward_0_25_in_context.xdc] for cell 'design_1_i/forward_0'
Finished Parsing XDC File [c:/Users/tjjtj/Desktop/NUS/Y4S1/CG4002/Hardware_NN/project_1/project_1.gen/sources_1/bd/design_1/ip/design_1_forward_0_25/design_1_forward_0_25/design_1_forward_0_25_in_context.xdc] for cell 'design_1_i/forward_0'
Parsing XDC File [c:/Users/tjjtj/Desktop/NUS/Y4S1/CG4002/Hardware_NN/project_1/project_1.gen/sources_1/bd/design_1/ip/design_1_axi_smc_24/design_1_axi_smc_24/design_1_axi_smc_24_in_context.xdc] for cell 'design_1_i/axi_smc'
Finished Parsing XDC File [c:/Users/tjjtj/Desktop/NUS/Y4S1/CG4002/Hardware_NN/project_1/project_1.gen/sources_1/bd/design_1/ip/design_1_axi_smc_24/design_1_axi_smc_24/design_1_axi_smc_24_in_context.xdc] for cell 'design_1_i/axi_smc'
Parsing XDC File [c:/Users/tjjtj/Desktop/NUS/Y4S1/CG4002/Hardware_NN/project_1/project_1.gen/sources_1/bd/design_1/ip/design_1_rst_ps8_0_96M_27/design_1_rst_ps8_0_96M_27/design_1_rst_ps8_0_96M_27_in_context.xdc] for cell 'design_1_i/rst_ps8_0_96M'
Finished Parsing XDC File [c:/Users/tjjtj/Desktop/NUS/Y4S1/CG4002/Hardware_NN/project_1/project_1.gen/sources_1/bd/design_1/ip/design_1_rst_ps8_0_96M_27/design_1_rst_ps8_0_96M_27/design_1_rst_ps8_0_96M_27_in_context.xdc] for cell 'design_1_i/rst_ps8_0_96M'
Parsing XDC File [c:/Users/tjjtj/Desktop/NUS/Y4S1/CG4002/Hardware_NN/project_1/project_1.gen/sources_1/bd/design_1/ip/design_1_axi_smc_1_22/design_1_axi_smc_1_22/design_1_axi_smc_1_22_in_context.xdc] for cell 'design_1_i/axi_smc_1'
Finished Parsing XDC File [c:/Users/tjjtj/Desktop/NUS/Y4S1/CG4002/Hardware_NN/project_1/project_1.gen/sources_1/bd/design_1/ip/design_1_axi_smc_1_22/design_1_axi_smc_1_22/design_1_axi_smc_1_22_in_context.xdc] for cell 'design_1_i/axi_smc_1'
Parsing XDC File [C:/Users/tjjtj/Desktop/NUS/Y4S1/CG4002/Hardware_NN/project_1/project_1.runs/synth_1/dont_touch.xdc]
Finished Parsing XDC File [C:/Users/tjjtj/Desktop/NUS/Y4S1/CG4002/Hardware_NN/project_1/project_1.runs/synth_1/dont_touch.xdc]
Completed Processing XDC Constraints

Netlist sorting complete. Time (s): cpu = 00:00:00 ; elapsed = 00:00:00 . Memory (MB): peak = 1859.363 ; gain = 0.000
INFO: [Project 1-111] Unisim Transformation Summary:
No Unisim elements were transformed.

Constraint Validation Runtime : Time (s): cpu = 00:00:00 ; elapsed = 00:00:00.009 . Memory (MB): peak = 1859.363 ; gain = 0.000
INFO: [Designutils 20-5440] No compile time benefit to using incremental synthesis; A full resynthesis will be run
INFO: [Designutils 20-4379] Flow is switching to default flow due to incremental criteria not met. If you would like to alter this behaviour and have the flow terminate instead, please set the following parameter config_implementation {autoIncr.Synth.RejectBehavior Terminate}
---------------------------------------------------------------------------------
Finished Constraint Validation : Time (s): cpu = 00:00:15 ; elapsed = 00:00:16 . Memory (MB): peak = 1859.363 ; gain = 323.133
---------------------------------------------------------------------------------
---------------------------------------------------------------------------------
Start Loading Part and Timing Information
---------------------------------------------------------------------------------
Loading part: xczu3eg-sbva484-2-i
INFO: [Synth 8-6742] Reading net delay rules and data
---------------------------------------------------------------------------------
Finished Loading Part and Timing Information : Time (s): cpu = 00:00:15 ; elapsed = 00:00:16 . Memory (MB): peak = 1859.363 ; gain = 323.133
---------------------------------------------------------------------------------
---------------------------------------------------------------------------------
Start Applying 'set_property' XDC Constraints
---------------------------------------------------------------------------------
---------------------------------------------------------------------------------
Finished applying 'set_property' XDC Constraints : Time (s): cpu = 00:00:15 ; elapsed = 00:00:16 . Memory (MB): peak = 1859.363 ; gain = 323.133
---------------------------------------------------------------------------------
---------------------------------------------------------------------------------
Finished RTL Optimization Phase 2 : Time (s): cpu = 00:00:15 ; elapsed = 00:00:16 . Memory (MB): peak = 1859.363 ; gain = 323.133
---------------------------------------------------------------------------------
---------------------------------------------------------------------------------
Start RTL Component Statistics 
---------------------------------------------------------------------------------
Detailed RTL Component Info : 
---------------------------------------------------------------------------------
Finished RTL Component Statistics 
---------------------------------------------------------------------------------
---------------------------------------------------------------------------------
Start Part Resource Summary
---------------------------------------------------------------------------------
Part Resources:
DSPs: 360 (col length:72)
BRAMs: 432 (col length: RAMB18 72 RAMB36 36)
---------------------------------------------------------------------------------
Finished Part Resource Summary
---------------------------------------------------------------------------------
---------------------------------------------------------------------------------
Start Cross Boundary and Area Optimization
---------------------------------------------------------------------------------
WARNING: [Synth 8-7080] Parallel synthesis criteria is not met
---------------------------------------------------------------------------------
Finished Cross Boundary and Area Optimization : Time (s): cpu = 00:00:17 ; elapsed = 00:00:18 . Memory (MB): peak = 1864.355 ; gain = 328.125
---------------------------------------------------------------------------------
---------------------------------------------------------------------------------
Start Applying XDC Timing Constraints
---------------------------------------------------------------------------------
---------------------------------------------------------------------------------
Finished Applying XDC Timing Constraints : Time (s): cpu = 00:00:25 ; elapsed = 00:00:27 . Memory (MB): peak = 2561.516 ; gain = 1025.285
---------------------------------------------------------------------------------
---------------------------------------------------------------------------------
Start Timing Optimization
---------------------------------------------------------------------------------
---------------------------------------------------------------------------------
Finished Timing Optimization : Time (s): cpu = 00:00:25 ; elapsed = 00:00:27 . Memory (MB): peak = 2561.516 ; gain = 1025.285
---------------------------------------------------------------------------------
---------------------------------------------------------------------------------
Start Technology Mapping
---------------------------------------------------------------------------------
---------------------------------------------------------------------------------
Finished Technology Mapping : Time (s): cpu = 00:00:25 ; elapsed = 00:00:27 . Memory (MB): peak = 2572.055 ; gain = 1035.824
---------------------------------------------------------------------------------
---------------------------------------------------------------------------------
Start IO Insertion
---------------------------------------------------------------------------------
---------------------------------------------------------------------------------
Start Flattening Before IO Insertion
---------------------------------------------------------------------------------
---------------------------------------------------------------------------------
Finished Flattening Before IO Insertion
---------------------------------------------------------------------------------
---------------------------------------------------------------------------------
Start Final Netlist Cleanup
---------------------------------------------------------------------------------
---------------------------------------------------------------------------------
Finished Final Netlist Cleanup
---------------------------------------------------------------------------------
---------------------------------------------------------------------------------
Finished IO Insertion : Time (s): cpu = 00:00:28 ; elapsed = 00:00:30 . Memory (MB): peak = 2807.410 ; gain = 1271.180
---------------------------------------------------------------------------------
---------------------------------------------------------------------------------
Start Renaming Generated Instances
---------------------------------------------------------------------------------
---------------------------------------------------------------------------------
Finished Renaming Generated Instances : Time (s): cpu = 00:00:28 ; elapsed = 00:00:30 . Memory (MB): peak = 2807.410 ; gain = 1271.180
---------------------------------------------------------------------------------
---------------------------------------------------------------------------------
Start Rebuilding User Hierarchy
---------------------------------------------------------------------------------
---------------------------------------------------------------------------------
Finished Rebuilding User Hierarchy : Time (s): cpu = 00:00:28 ; elapsed = 00:00:30 . Memory (MB): peak = 2807.410 ; gain = 1271.180
---------------------------------------------------------------------------------
---------------------------------------------------------------------------------
Start Renaming Generated Ports
---------------------------------------------------------------------------------
---------------------------------------------------------------------------------
Finished Renaming Generated Ports : Time (s): cpu = 00:00:28 ; elapsed = 00:00:30 . Memory (MB): peak = 2807.410 ; gain = 1271.180
---------------------------------------------------------------------------------
---------------------------------------------------------------------------------
Start Handling Custom Attributes
---------------------------------------------------------------------------------
---------------------------------------------------------------------------------
Finished Handling Custom Attributes : Time (s): cpu = 00:00:28 ; elapsed = 00:00:30 . Memory (MB): peak = 2807.410 ; gain = 1271.180
---------------------------------------------------------------------------------
---------------------------------------------------------------------------------
Start Renaming Generated Nets
---------------------------------------------------------------------------------
---------------------------------------------------------------------------------
Finished Renaming Generated Nets : Time (s): cpu = 00:00:28 ; elapsed = 00:00:30 . Memory (MB): peak = 2807.410 ; gain = 1271.180
---------------------------------------------------------------------------------
---------------------------------------------------------------------------------
Start Writing Synthesis Report
---------------------------------------------------------------------------------

Report BlackBoxes: 
+------+-----------------------------+----------+
|      |BlackBox name                |Instances |
+------+-----------------------------+----------+
|1     |design_1_axi_smc_24          |         1|
|2     |design_1_axi_smc_1_22        |         1|
|3     |design_1_forward_0_25        |         1|
|4     |design_1_rst_ps8_0_96M_27    |         1|
|5     |design_1_zynq_ultra_ps_e_0_0 |         1|
+------+-----------------------------+----------+

Report Cell Usage: 
+------+---------------------------+------+
|      |Cell                       |Count |
+------+---------------------------+------+
|1     |design_1_axi_smc_1         |     1|
|2     |design_1_axi_smc           |     1|
|3     |design_1_forward_0         |     1|
|4     |design_1_rst_ps8_0_96M     |     1|
|5     |design_1_zynq_ultra_ps_e_0 |     1|
+------+---------------------------+------+
---------------------------------------------------------------------------------
Finished Writing Synthesis Report : Time (s): cpu = 00:00:28 ; elapsed = 00:00:30 . Memory (MB): peak = 2807.410 ; gain = 1271.180
---------------------------------------------------------------------------------
Synthesis finished with 0 errors, 0 critical warnings and 1 warnings.
Synthesis Optimization Runtime : Time (s): cpu = 00:00:18 ; elapsed = 00:00:25 . Memory (MB): peak = 2807.410 ; gain = 1262.965
Synthesis Optimization Complete : Time (s): cpu = 00:00:29 ; elapsed = 00:00:31 . Memory (MB): peak = 2807.410 ; gain = 1271.180
INFO: [Project 1-571] Translating synthesized netlist
Netlist sorting complete. Time (s): cpu = 00:00:00 ; elapsed = 00:00:00.006 . Memory (MB): peak = 2807.410 ; gain = 0.000
INFO: [Project 1-570] Preparing netlist for logic optimization
INFO: [Opt 31-138] Pushed 0 inverter(s) to 0 load pin(s).
Netlist sorting complete. Time (s): cpu = 00:00:00 ; elapsed = 00:00:00 . Memory (MB): peak = 2807.410 ; gain = 0.000
INFO: [Project 1-111] Unisim Transformation Summary:
No Unisim elements were transformed.

Synth Design complete | Checksum: 19084514
INFO: [Common 17-83] Releasing license: Synthesis
36 Infos, 46 Warnings, 0 Critical Warnings and 0 Errors encountered.
synth_design completed successfully
synth_design: Time (s): cpu = 00:00:33 ; elapsed = 00:00:39 . Memory (MB): peak = 2807.410 ; gain = 2236.688
INFO: [Common 17-1381] The checkpoint 'C:/Users/tjjtj/Desktop/NUS/Y4S1/CG4002/Hardware_NN/project_1/project_1.runs/synth_1/design_1_wrapper.dcp' has been generated.
INFO: [Vivado 12-24828] Executing command : report_utilization -file design_1_wrapper_utilization_synth.rpt -pb design_1_wrapper_utilization_synth.pb
INFO: [Common 17-206] Exiting Vivado at Mon Nov 10 11:29:31 2025...
